{"contracts\\mock\\ERC20Mock.sol":{"l":{"13":68,"17":0},"path":"C:\\Deniron\\NAHUEL\\tp-4\\contracts\\mock\\ERC20Mock.sol","s":{"1":68,"2":0},"b":{},"f":{"1":68,"2":0},"fnMap":{"1":{"name":"constructor","line":12,"loc":{"start":{"line":7,"column":4},"end":{"line":14,"column":4}}},"2":{"name":"mint","line":16,"loc":{"start":{"line":16,"column":4},"end":{"line":18,"column":4}}}},"statementMap":{"1":{"start":{"line":13,"column":8},"end":{"line":13,"column":44}},"2":{"start":{"line":17,"column":8},"end":{"line":17,"column":29}}},"branchMap":{}},"contracts\\SimpleSwap.sol":{"l":{"55":34,"56":33,"57":33,"83":32,"84":31,"86":30,"87":30,"89":30,"91":29,"93":29,"100":27,"101":27,"103":27,"104":26,"105":26,"107":1,"108":1,"111":27,"112":27,"114":27,"115":25,"117":2,"123":27,"125":27,"126":26,"127":26,"129":1,"130":1,"131":1,"132":1,"133":1,"136":27,"137":27,"139":27,"157":29,"158":29,"159":29,"160":29,"161":29,"162":29,"164":29,"165":25,"166":25,"168":4,"169":4,"170":4,"171":2,"172":1,"173":1,"175":2,"176":2,"177":1,"178":1,"183":27,"206":7,"207":6,"208":5,"210":4,"211":4,"213":4,"215":3,"216":3,"217":3,"218":3,"219":3,"221":3,"222":3,"223":3,"224":3,"227":3,"228":2,"229":2,"231":1,"232":1,"235":3,"237":2,"238":2,"241":2,"242":2,"244":2,"245":2,"247":2,"265":8,"266":7,"267":6,"269":5,"270":5,"271":5,"272":5,"274":5,"276":4,"277":4,"278":4,"279":4,"280":4,"281":4,"282":4,"283":4,"284":4,"285":4,"287":4,"289":3,"290":1,"291":1,"293":2,"294":2,"298":3,"299":3,"300":3,"302":3,"303":3,"304":3,"305":3,"313":4,"314":4,"315":4,"316":4,"318":4,"319":3,"321":2,"322":2,"323":2,"325":2,"326":1,"327":1,"329":1,"330":1,"333":2,"335":2,"344":3,"346":1,"347":1,"348":1,"350":1},"path":"C:\\Deniron\\NAHUEL\\tp-4\\contracts\\SimpleSwap.sol","s":{"1":34,"2":32,"3":31,"4":30,"5":30,"6":30,"7":29,"8":27,"9":27,"10":27,"11":26,"12":26,"13":1,"14":1,"15":27,"16":27,"17":27,"18":27,"19":27,"20":27,"21":27,"22":27,"23":29,"24":29,"25":29,"26":29,"27":29,"28":29,"29":29,"30":4,"31":4,"32":2,"33":2,"34":2,"35":27,"36":7,"37":6,"38":5,"39":4,"40":4,"41":4,"42":3,"43":3,"44":3,"45":3,"46":3,"47":3,"48":3,"49":2,"50":2,"51":2,"52":2,"53":2,"54":8,"55":7,"56":6,"57":5,"58":5,"59":5,"60":5,"61":5,"62":4,"63":4,"64":4,"65":4,"66":4,"67":4,"68":4,"69":4,"70":4,"71":3,"72":3,"73":3,"74":3,"75":3,"76":4,"77":4,"78":4,"79":4,"80":4,"81":3,"82":2,"83":2,"84":2,"85":2,"86":2,"87":3,"88":1,"89":1,"90":1},"b":{"1":[33,1],"2":[31,1],"3":[30,1],"4":[29,1],"5":[28,1],"6":[26,1],"7":[25,2],"8":[27,0],"9":[26,1],"10":[28,1],"11":[28,1],"12":[28,1],"13":[28,1],"14":[25,4],"15":[2,2],"16":[1,1],"17":[1,1],"18":[6,1],"19":[5,1],"20":[4,1],"21":[3,1],"22":[2,1],"23":[2,1],"24":[2,1],"25":[7,1],"26":[6,1],"27":[5,1],"28":[4,1],"29":[2,2],"30":[2,2],"31":[2,2],"32":[3,1],"33":[1,2],"34":[3,1],"35":[2,1],"36":[2,1],"37":[1,1],"38":[1,2]},"f":{"1":34,"2":32,"3":29,"4":7,"5":8,"6":4,"7":3},"fnMap":{"1":{"name":"constructor","line":54,"loc":{"start":{"line":54,"column":4},"end":{"line":58,"column":4}}},"2":{"name":"addLiquidity","line":73,"loc":{"start":{"line":73,"column":4},"end":{"line":140,"column":4}}},"3":{"name":"_calculateOptimalAmounts","line":150,"loc":{"start":{"line":150,"column":4},"end":{"line":184,"column":4}}},"4":{"name":"removeLiquidity","line":197,"loc":{"start":{"line":197,"column":4},"end":{"line":248,"column":4}}},"5":{"name":"swapExactTokensForTokens","line":258,"loc":{"start":{"line":258,"column":4},"end":{"line":306,"column":4}}},"6":{"name":"getPrice","line":312,"loc":{"start":{"line":312,"column":4},"end":{"line":336,"column":4}}},"7":{"name":"getAmountOut","line":343,"loc":{"start":{"line":343,"column":4},"end":{"line":351,"column":4}}}},"statementMap":{"1":{"start":{"line":55,"column":8},"end":{"line":55,"column":52}},"2":{"start":{"line":83,"column":8},"end":{"line":83,"column":66}},"3":{"start":{"line":84,"column":8},"end":{"line":84,"column":56}},"4":{"start":{"line":86,"column":8},"end":{"line":86,"column":34}},"5":{"start":{"line":87,"column":8},"end":{"line":87,"column":34}},"6":{"start":{"line":89,"column":8},"end":{"line":89,"column":126}},"7":{"start":{"line":91,"column":8},"end":{"line":91,"column":44}},"8":{"start":{"line":100,"column":8},"end":{"line":100,"column":35}},"9":{"start":{"line":101,"column":8},"end":{"line":101,"column":35}},"10":{"start":{"line":103,"column":8},"end":{"line":103,"column":4392}},"11":{"start":{"line":104,"column":12},"end":{"line":104,"column":80}},"12":{"start":{"line":105,"column":12},"end":{"line":105,"column":80}},"13":{"start":{"line":107,"column":12},"end":{"line":107,"column":80}},"14":{"start":{"line":108,"column":12},"end":{"line":108,"column":80}},"15":{"start":{"line":111,"column":8},"end":{"line":111,"column":44}},"16":{"start":{"line":112,"column":8},"end":{"line":112,"column":28}},"17":{"start":{"line":114,"column":8},"end":{"line":114,"column":4890}},"18":{"start":{"line":123,"column":8},"end":{"line":123,"column":55}},"19":{"start":{"line":125,"column":8},"end":{"line":125,"column":5242}},"20":{"start":{"line":136,"column":8},"end":{"line":136,"column":27}},"21":{"start":{"line":137,"column":8},"end":{"line":137,"column":60}},"22":{"start":{"line":139,"column":8},"end":{"line":139,"column":44}},"23":{"start":{"line":157,"column":8},"end":{"line":157,"column":35}},"24":{"start":{"line":158,"column":8},"end":{"line":158,"column":35}},"25":{"start":{"line":159,"column":8},"end":{"line":159,"column":68}},"26":{"start":{"line":160,"column":8},"end":{"line":160,"column":68}},"27":{"start":{"line":161,"column":8},"end":{"line":161,"column":56}},"28":{"start":{"line":162,"column":8},"end":{"line":162,"column":56}},"29":{"start":{"line":164,"column":8},"end":{"line":164,"column":6890}},"30":{"start":{"line":169,"column":16},"end":{"line":169,"column":68}},"31":{"start":{"line":170,"column":16},"end":{"line":170,"column":7127}},"32":{"start":{"line":171,"column":20},"end":{"line":171,"column":69}},"33":{"start":{"line":175,"column":20},"end":{"line":175,"column":72}},"34":{"start":{"line":176,"column":20},"end":{"line":176,"column":69}},"35":{"start":{"line":183,"column":8},"end":{"line":183,"column":33}},"36":{"start":{"line":206,"column":8},"end":{"line":206,"column":66}},"37":{"start":{"line":207,"column":8},"end":{"line":207,"column":56}},"38":{"start":{"line":208,"column":8},"end":{"line":208,"column":74}},"39":{"start":{"line":210,"column":8},"end":{"line":210,"column":34}},"40":{"start":{"line":211,"column":8},"end":{"line":211,"column":34}},"41":{"start":{"line":213,"column":8},"end":{"line":213,"column":126}},"42":{"start":{"line":216,"column":12},"end":{"line":216,"column":39}},"43":{"start":{"line":217,"column":12},"end":{"line":217,"column":39}},"44":{"start":{"line":218,"column":12},"end":{"line":218,"column":32}},"45":{"start":{"line":219,"column":12},"end":{"line":219,"column":32}},"46":{"start":{"line":222,"column":16},"end":{"line":222,"column":52}},"47":{"start":{"line":227,"column":12},"end":{"line":227,"column":9394}},"48":{"start":{"line":235,"column":12},"end":{"line":235,"column":84}},"49":{"start":{"line":241,"column":8},"end":{"line":241,"column":47}},"50":{"start":{"line":242,"column":8},"end":{"line":242,"column":47}},"51":{"start":{"line":244,"column":8},"end":{"line":244,"column":35}},"52":{"start":{"line":245,"column":8},"end":{"line":245,"column":62}},"53":{"start":{"line":247,"column":8},"end":{"line":247,"column":32}},"54":{"start":{"line":265,"column":8},"end":{"line":265,"column":66}},"55":{"start":{"line":266,"column":8},"end":{"line":266,"column":55}},"56":{"start":{"line":267,"column":8},"end":{"line":267,"column":56}},"57":{"start":{"line":269,"column":8},"end":{"line":269,"column":34}},"58":{"start":{"line":270,"column":8},"end":{"line":270,"column":34}},"59":{"start":{"line":271,"column":8},"end":{"line":271,"column":33}},"60":{"start":{"line":272,"column":8},"end":{"line":272,"column":34}},"61":{"start":{"line":274,"column":8},"end":{"line":274,"column":128}},"62":{"start":{"line":276,"column":8},"end":{"line":276,"column":22}},"63":{"start":{"line":278,"column":12},"end":{"line":278,"column":37}},"64":{"start":{"line":279,"column":12},"end":{"line":279,"column":45}},"65":{"start":{"line":280,"column":12},"end":{"line":280,"column":49}},"66":{"start":{"line":281,"column":12},"end":{"line":281,"column":39}},"67":{"start":{"line":282,"column":12},"end":{"line":282,"column":39}},"68":{"start":{"line":283,"column":12},"end":{"line":283,"column":65}},"69":{"start":{"line":284,"column":12},"end":{"line":284,"column":66}},"70":{"start":{"line":287,"column":12},"end":{"line":287,"column":76}},"71":{"start":{"line":289,"column":12},"end":{"line":289,"column":11879}},"72":{"start":{"line":302,"column":8},"end":{"line":302,"column":76}},"73":{"start":{"line":303,"column":8},"end":{"line":303,"column":51}},"74":{"start":{"line":304,"column":8},"end":{"line":304,"column":78}},"75":{"start":{"line":305,"column":8},"end":{"line":305,"column":22}},"76":{"start":{"line":313,"column":8},"end":{"line":313,"column":34}},"77":{"start":{"line":314,"column":8},"end":{"line":314,"column":34}},"78":{"start":{"line":315,"column":8},"end":{"line":315,"column":35}},"79":{"start":{"line":316,"column":8},"end":{"line":316,"column":35}},"80":{"start":{"line":318,"column":8},"end":{"line":318,"column":122}},"81":{"start":{"line":319,"column":8},"end":{"line":319,"column":64}},"82":{"start":{"line":321,"column":8},"end":{"line":321,"column":44}},"83":{"start":{"line":322,"column":8},"end":{"line":322,"column":22}},"84":{"start":{"line":323,"column":2},"end":{"line":323,"column":18}},"85":{"start":{"line":325,"column":8},"end":{"line":325,"column":13242}},"86":{"start":{"line":335,"column":8},"end":{"line":335,"column":20}},"87":{"start":{"line":344,"column":8},"end":{"line":344,"column":93}},"88":{"start":{"line":346,"column":2},"end":{"line":346,"column":40}},"89":{"start":{"line":347,"column":2},"end":{"line":347,"column":41}},"90":{"start":{"line":350,"column":8},"end":{"line":350,"column":24}}},"branchMap":{"1":{"line":55,"type":"if","locations":[{"start":{"line":55,"column":8},"end":{"line":55,"column":8}},{"start":{"line":55,"column":8},"end":{"line":55,"column":8}}]},"2":{"line":83,"type":"if","locations":[{"start":{"line":83,"column":8},"end":{"line":83,"column":8}},{"start":{"line":83,"column":8},"end":{"line":83,"column":8}}]},"3":{"line":84,"type":"if","locations":[{"start":{"line":84,"column":8},"end":{"line":84,"column":8}},{"start":{"line":84,"column":8},"end":{"line":84,"column":8}}]},"4":{"line":89,"type":"if","locations":[{"start":{"line":89,"column":8},"end":{"line":89,"column":8}},{"start":{"line":89,"column":8},"end":{"line":89,"column":8}}]},"5":{"line":89,"type":"cond-expr","locations":[{"start":{"line":89,"column":16},"end":{"line":89,"column":57}},{"start":{"line":89,"column":62},"end":{"line":89,"column":103}}]},"6":{"line":103,"type":"if","locations":[{"start":{"line":103,"column":8},"end":{"line":103,"column":8}},{"start":{"line":103,"column":8},"end":{"line":103,"column":8}}]},"7":{"line":114,"type":"if","locations":[{"start":{"line":114,"column":8},"end":{"line":114,"column":8}},{"start":{"line":114,"column":8},"end":{"line":114,"column":8}}]},"8":{"line":123,"type":"if","locations":[{"start":{"line":123,"column":8},"end":{"line":123,"column":8}},{"start":{"line":123,"column":8},"end":{"line":123,"column":8}}]},"9":{"line":125,"type":"if","locations":[{"start":{"line":125,"column":8},"end":{"line":125,"column":8}},{"start":{"line":125,"column":8},"end":{"line":125,"column":8}}]},"10":{"line":159,"type":"if","locations":[{"start":{"line":159,"column":37},"end":{"line":159,"column":50}},{"start":{"line":159,"column":54},"end":{"line":159,"column":67}}]},"11":{"line":160,"type":"if","locations":[{"start":{"line":160,"column":37},"end":{"line":160,"column":50}},{"start":{"line":160,"column":54},"end":{"line":160,"column":67}}]},"12":{"line":161,"type":"if","locations":[{"start":{"line":161,"column":33},"end":{"line":161,"column":42}},{"start":{"line":161,"column":46},"end":{"line":161,"column":55}}]},"13":{"line":162,"type":"if","locations":[{"start":{"line":162,"column":33},"end":{"line":162,"column":42}},{"start":{"line":162,"column":46},"end":{"line":162,"column":55}}]},"14":{"line":164,"type":"if","locations":[{"start":{"line":164,"column":8},"end":{"line":164,"column":8}},{"start":{"line":164,"column":8},"end":{"line":164,"column":8}}]},"15":{"line":170,"type":"if","locations":[{"start":{"line":170,"column":16},"end":{"line":170,"column":16}},{"start":{"line":170,"column":16},"end":{"line":170,"column":16}}]},"16":{"line":171,"type":"if","locations":[{"start":{"line":171,"column":20},"end":{"line":171,"column":20}},{"start":{"line":171,"column":20},"end":{"line":171,"column":20}}]},"17":{"line":176,"type":"if","locations":[{"start":{"line":176,"column":20},"end":{"line":176,"column":20}},{"start":{"line":176,"column":20},"end":{"line":176,"column":20}}]},"18":{"line":206,"type":"if","locations":[{"start":{"line":206,"column":8},"end":{"line":206,"column":8}},{"start":{"line":206,"column":8},"end":{"line":206,"column":8}}]},"19":{"line":207,"type":"if","locations":[{"start":{"line":207,"column":8},"end":{"line":207,"column":8}},{"start":{"line":207,"column":8},"end":{"line":207,"column":8}}]},"20":{"line":208,"type":"if","locations":[{"start":{"line":208,"column":8},"end":{"line":208,"column":8}},{"start":{"line":208,"column":8},"end":{"line":208,"column":8}}]},"21":{"line":213,"type":"if","locations":[{"start":{"line":213,"column":8},"end":{"line":213,"column":8}},{"start":{"line":213,"column":8},"end":{"line":213,"column":8}}]},"22":{"line":213,"type":"cond-expr","locations":[{"start":{"line":213,"column":16},"end":{"line":213,"column":57}},{"start":{"line":213,"column":62},"end":{"line":213,"column":103}}]},"23":{"line":227,"type":"if","locations":[{"start":{"line":227,"column":12},"end":{"line":227,"column":12}},{"start":{"line":227,"column":12},"end":{"line":227,"column":12}}]},"24":{"line":235,"type":"if","locations":[{"start":{"line":235,"column":12},"end":{"line":235,"column":12}},{"start":{"line":235,"column":12},"end":{"line":235,"column":12}}]},"25":{"line":265,"type":"if","locations":[{"start":{"line":265,"column":8},"end":{"line":265,"column":8}},{"start":{"line":265,"column":8},"end":{"line":265,"column":8}}]},"26":{"line":266,"type":"if","locations":[{"start":{"line":266,"column":8},"end":{"line":266,"column":8}},{"start":{"line":266,"column":8},"end":{"line":266,"column":8}}]},"27":{"line":267,"type":"if","locations":[{"start":{"line":267,"column":8},"end":{"line":267,"column":8}},{"start":{"line":267,"column":8},"end":{"line":267,"column":8}}]},"28":{"line":274,"type":"if","locations":[{"start":{"line":274,"column":8},"end":{"line":274,"column":8}},{"start":{"line":274,"column":8},"end":{"line":274,"column":8}}]},"29":{"line":274,"type":"cond-expr","locations":[{"start":{"line":274,"column":16},"end":{"line":274,"column":60}},{"start":{"line":274,"column":65},"end":{"line":274,"column":109}}]},"30":{"line":283,"type":"if","locations":[{"start":{"line":283,"column":42},"end":{"line":283,"column":51}},{"start":{"line":283,"column":55},"end":{"line":283,"column":64}}]},"31":{"line":284,"type":"if","locations":[{"start":{"line":284,"column":43},"end":{"line":284,"column":52}},{"start":{"line":284,"column":56},"end":{"line":284,"column":65}}]},"32":{"line":287,"type":"if","locations":[{"start":{"line":287,"column":12},"end":{"line":287,"column":12}},{"start":{"line":287,"column":12},"end":{"line":287,"column":12}}]},"33":{"line":289,"type":"if","locations":[{"start":{"line":289,"column":12},"end":{"line":289,"column":12}},{"start":{"line":289,"column":12},"end":{"line":289,"column":12}}]},"34":{"line":318,"type":"if","locations":[{"start":{"line":318,"column":8},"end":{"line":318,"column":8}},{"start":{"line":318,"column":8},"end":{"line":318,"column":8}}]},"35":{"line":318,"type":"cond-expr","locations":[{"start":{"line":318,"column":16},"end":{"line":318,"column":57}},{"start":{"line":318,"column":62},"end":{"line":318,"column":103}}]},"36":{"line":319,"type":"if","locations":[{"start":{"line":319,"column":8},"end":{"line":319,"column":8}},{"start":{"line":319,"column":8},"end":{"line":319,"column":8}}]},"37":{"line":325,"type":"if","locations":[{"start":{"line":325,"column":8},"end":{"line":325,"column":8}},{"start":{"line":325,"column":8},"end":{"line":325,"column":8}}]},"38":{"line":344,"type":"if","locations":[{"start":{"line":344,"column":8},"end":{"line":344,"column":8}},{"start":{"line":344,"column":8},"end":{"line":344,"column":8}}]}}}}